<?xml version="1.0" encoding="UTF-8"?>
<!-- Generated by org.testng.reporters.JUnitReportReporter -->
<testsuite skipped="0" hostname="CCPT-DESKTOP13" name="com.org.Functional.Tests.Login" tests="2" failures="0" timestamp="07 Jul 2017 13:14:18 GMT" time="38.295" errors="0">
  <testcase name="CheckAppLandingPage" time="13.771" classname="com.org.Functional.Tests.Login"/>
  <testcase name="CheckSuccessfulLogin" time="24.524" classname="com.org.Functional.Tests.Login"/>
</testsuite> <!-- com.org.Functional.Tests.Login -->
