<?xml version="1.0" encoding="UTF-8"?>
<!-- Generated by org.testng.reporters.JUnitReportReporter -->
<testsuite skipped="0" hostname="CCPT-DESKTOP13" name="com.org.Functional.Tests.Login" tests="1" failures="0" timestamp="05 Jul 2017 12:23:31 GMT" time="0.033" errors="0">
  <testcase name="LoginToApplication" time="0.033" classname="com.org.Functional.Tests.Login"/>
</testsuite> <!-- com.org.Functional.Tests.Login -->
