<?xml version="1.0" encoding="UTF-8"?>
<!-- Generated by org.testng.reporters.JUnitReportReporter -->
<testsuite skipped="0" hostname="CCPT-DESKTOP13" name="com.org.learningMaven.HelloWorldTest" tests="1" failures="0" timestamp="28 Jun 2017 10:31:20 GMT" time="0.008" errors="0">
  <testcase name="Login" time="0.008" classname="com.org.learningMaven.HelloWorldTest"/>
</testsuite> <!-- com.org.learningMaven.HelloWorldTest -->
