<?xml version="1.0" encoding="UTF-8"?>
<!-- Generated by org.testng.reporters.JUnitReportReporter -->
<testsuite skipped="0" hostname="CCPT-DESKTOP13" name="com.org.Functional.Tests.Login" tests="2" failures="0" timestamp="05 Jul 2017 14:50:36 GMT" time="7.215" errors="0">
  <testcase name="CheckSuccessfulLogin" time="7.202" classname="com.org.Functional.Tests.Login"/>
  <testcase name="CheckAppLandingPage" time="0.013" classname="com.org.Functional.Tests.Login"/>
</testsuite> <!-- com.org.Functional.Tests.Login -->
