<?xml version="1.0" encoding="UTF-8"?>
<!-- Generated by org.testng.reporters.JUnitReportReporter -->
<testsuite skipped="0" hostname="CCPT-DESKTOP13" name="com.org.Functional.Tests.GlobalConfig" tests="1" failures="0" timestamp="03 Jul 2017 10:33:21 GMT" time="45.920" errors="1">
  <testcase name="runApplication" time="45.920" classname="com.org.Functional.Tests.GlobalConfig">
    <error type="org.openqa.selenium.WebDriverException" message="Failed to connect to binary FirefoxBinary(C:\Program Files (x86)\Mozilla Firefox\firefox.exe) on port 7055; process output follows: 
&quot;,&quot;creator&quot;:&quot;Mozilla&quot;,&quot;homepageURL&quot;:null,&quot;contributors&quot;:[&quot;Mozilla Contributors&quot;]},&quot;visible&quot;:true,&quot;active&quot;:true,&quot;userDisabled&quot;:false,&quot;appDisabled&quot;:false,&quot;descriptor&quot;:&quot;C:\\Program Files (x86)\\Mozilla Firefox\\browser\\extensions\\{972ce4c6-7e08-4474-a285-3208198ce6fd}.xpi&quot;,&quot;installDate&quot;:1492074014589,&quot;updateDate&quot;:1492074014589,&quot;applyBackgroundUpdates&quot;:1,&quot;skinnable&quot;:true,&quot;size&quot;:22012,&quot;sourceURI&quot;:null,&quot;releaseNotesURI&quot;:null,&quot;softDisabled&quot;:false,&quot;foreignInstall&quot;:false,&quot;hasBinaryComponents&quot;:false,&quot;strictCompatibility&quot;:true,&quot;locales&quot;:[],&quot;targetApplications&quot;:[{&quot;id&quot;:&quot;{ec8030f7-c20a-464f-9b0e-13a3a9e97384}&quot;,&quot;minVersion&quot;:&quot;47.0.2&quot;,&quot;maxVersion&quot;:&quot;47.0.2&quot;}],&quot;targetPlatforms&quot;:[],&quot;seen&quot;:true}
1499077956631	addons.xpi	DEBUG	getModTime: Recursive scan of {972ce4c6-7e08-4474-a285-3208198ce6fd}
1499077956632	DeferredSave.extensions.json	DEBUG	Save changes
1499077956632	addons.xpi	DEBUG	Updating database with changes to installed add-ons
1499077956632	addons.xpi-utils	DEBUG	Updating add-on states
1499077956633	addons.xpi-utils	DEBUG	Writing add-ons list
1499077956636	addons.xpi	DEBUG	Registering manifest for C:\Program Files (x86)\Mozilla Firefox\browser\features\e10srollout@mozilla.org.xpi
1499077956636	addons.xpi	DEBUG	Calling bootstrap method startup on e10srollout@mozilla.org version 1.0
1499077956636	addons.xpi	DEBUG	Registering manifest for C:\Program Files (x86)\Mozilla Firefox\browser\features\firefox@getpocket.com.xpi
1499077956637	addons.xpi	DEBUG	Calling bootstrap method startup on firefox@getpocket.com version 1.0.2
1499077956637	addons.xpi	DEBUG	Registering manifest for C:\Program Files (x86)\Mozilla Firefox\browser\features\loop@mozilla.org.xpi
1499077956638	addons.xpi	DEBUG	Calling bootstrap method startup on loop@mozilla.org version 1.3.2
1499077956650	addons.xpi	DEBUG	Registering manifest for C:\Program Files (x86)\Mozilla Firefox\browser\features\websensehelper@mozilla.org.xpi
1499077956651	addons.xpi	DEBUG	Calling bootstrap method startup on websensehelper@mozilla.org version 1.0
1499077956653	addons.manager	DEBUG	Registering shutdown blocker for XPIProvider
1499077956653	addons.manager	DEBUG	Provider finished startup: XPIProvider
1499077956653	addons.manager	DEBUG	Starting provider: LightweightThemeManager
1499077956653	addons.manager	DEBUG	Registering shutdown blocker for LightweightThemeManager
1499077956653	addons.manager	DEBUG	Provider finished startup: LightweightThemeManager
1499077956654	addons.manager	DEBUG	Starting provider: GMPProvider
1499077956658	addons.manager	DEBUG	Registering shutdown blocker for GMPProvider
1499077956658	addons.manager	DEBUG	Provider finished startup: GMPProvider
1499077956658	addons.manager	DEBUG	Starting provider: PluginProvider
1499077956658	addons.manager	DEBUG	Registering shutdown blocker for PluginProvider
1499077956658	addons.manager	DEBUG	Provider finished startup: PluginProvider
1499077956658	addons.manager	DEBUG	Completed startup sequence
[GFX1]: Potential driver version mismatch ignored due to missing DLLs 0.0.0.0 and 0.0.0.0
1499077956985	addons.manager	DEBUG	Starting provider: &lt;unnamed-provider&gt;
1499077956985	addons.manager	DEBUG	Registering shutdown blocker for &lt;unnamed-provider&gt;
1499077956985	addons.manager	DEBUG	Provider finished startup: &lt;unnamed-provider&gt;
1499077956986	DeferredSave.extensions.json	DEBUG	Starting write
1499077957173	addons.repository	DEBUG	No addons.json found.
1499077957174	DeferredSave.addons.json	DEBUG	Save changes
1499077957176	DeferredSave.addons.json	DEBUG	Starting timer
1499077957204	addons.manager	DEBUG	Starting provider: PreviousExperimentProvider
1499077957204	addons.manager	DEBUG	Registering shutdown blocker for PreviousExperimentProvider
1499077957205	addons.manager	DEBUG	Provider finished startup: PreviousExperimentProvider
1499077957207	DeferredSave.extensions.json	DEBUG	Write succeeded
1499077957207	addons.xpi-utils	DEBUG	XPI Database saved, setting schema version preference to 17
1499077957227	DeferredSave.addons.json	DEBUG	Starting write
1499077957237	DeferredSave.addons.json	DEBUG	Write succeeded

Build info: version: &#039;2.53.0&#039;, revision: &#039;35ae25b1534ae328c771e0856c93e187490ca824&#039;, time: &#039;2016-03-15 10:43:46&#039;
System info: host: &#039;CCPT-DESKTOP13&#039;, ip: &#039;192.168.50.166&#039;, os.name: &#039;Windows 10&#039;, os.arch: &#039;amd64&#039;, os.version: &#039;10.0&#039;, java.version: &#039;1.8.0_131&#039;
Driver info: driver.version: FirefoxDriver">
      <![CDATA[org.openqa.selenium.WebDriverException: Failed to connect to binary FirefoxBinary(C:\Program Files (x86)\Mozilla Firefox\firefox.exe) on port 7055; process output follows: 
","creator":"Mozilla","homepageURL":null,"contributors":["Mozilla Contributors"]},"visible":true,"active":true,"userDisabled":false,"appDisabled":false,"descriptor":"C:\\Program Files (x86)\\Mozilla Firefox\\browser\\extensions\\{972ce4c6-7e08-4474-a285-3208198ce6fd}.xpi","installDate":1492074014589,"updateDate":1492074014589,"applyBackgroundUpdates":1,"skinnable":true,"size":22012,"sourceURI":null,"releaseNotesURI":null,"softDisabled":false,"foreignInstall":false,"hasBinaryComponents":false,"strictCompatibility":true,"locales":[],"targetApplications":[{"id":"{ec8030f7-c20a-464f-9b0e-13a3a9e97384}","minVersion":"47.0.2","maxVersion":"47.0.2"}],"targetPlatforms":[],"seen":true}
1499077956631	addons.xpi	DEBUG	getModTime: Recursive scan of {972ce4c6-7e08-4474-a285-3208198ce6fd}
1499077956632	DeferredSave.extensions.json	DEBUG	Save changes
1499077956632	addons.xpi	DEBUG	Updating database with changes to installed add-ons
1499077956632	addons.xpi-utils	DEBUG	Updating add-on states
1499077956633	addons.xpi-utils	DEBUG	Writing add-ons list
1499077956636	addons.xpi	DEBUG	Registering manifest for C:\Program Files (x86)\Mozilla Firefox\browser\features\e10srollout@mozilla.org.xpi
1499077956636	addons.xpi	DEBUG	Calling bootstrap method startup on e10srollout@mozilla.org version 1.0
1499077956636	addons.xpi	DEBUG	Registering manifest for C:\Program Files (x86)\Mozilla Firefox\browser\features\firefox@getpocket.com.xpi
1499077956637	addons.xpi	DEBUG	Calling bootstrap method startup on firefox@getpocket.com version 1.0.2
1499077956637	addons.xpi	DEBUG	Registering manifest for C:\Program Files (x86)\Mozilla Firefox\browser\features\loop@mozilla.org.xpi
1499077956638	addons.xpi	DEBUG	Calling bootstrap method startup on loop@mozilla.org version 1.3.2
1499077956650	addons.xpi	DEBUG	Registering manifest for C:\Program Files (x86)\Mozilla Firefox\browser\features\websensehelper@mozilla.org.xpi
1499077956651	addons.xpi	DEBUG	Calling bootstrap method startup on websensehelper@mozilla.org version 1.0
1499077956653	addons.manager	DEBUG	Registering shutdown blocker for XPIProvider
1499077956653	addons.manager	DEBUG	Provider finished startup: XPIProvider
1499077956653	addons.manager	DEBUG	Starting provider: LightweightThemeManager
1499077956653	addons.manager	DEBUG	Registering shutdown blocker for LightweightThemeManager
1499077956653	addons.manager	DEBUG	Provider finished startup: LightweightThemeManager
1499077956654	addons.manager	DEBUG	Starting provider: GMPProvider
1499077956658	addons.manager	DEBUG	Registering shutdown blocker for GMPProvider
1499077956658	addons.manager	DEBUG	Provider finished startup: GMPProvider
1499077956658	addons.manager	DEBUG	Starting provider: PluginProvider
1499077956658	addons.manager	DEBUG	Registering shutdown blocker for PluginProvider
1499077956658	addons.manager	DEBUG	Provider finished startup: PluginProvider
1499077956658	addons.manager	DEBUG	Completed startup sequence
[GFX1]: Potential driver version mismatch ignored due to missing DLLs 0.0.0.0 and 0.0.0.0
1499077956985	addons.manager	DEBUG	Starting provider: <unnamed-provider>
1499077956985	addons.manager	DEBUG	Registering shutdown blocker for <unnamed-provider>
1499077956985	addons.manager	DEBUG	Provider finished startup: <unnamed-provider>
1499077956986	DeferredSave.extensions.json	DEBUG	Starting write
1499077957173	addons.repository	DEBUG	No addons.json found.
1499077957174	DeferredSave.addons.json	DEBUG	Save changes
1499077957176	DeferredSave.addons.json	DEBUG	Starting timer
1499077957204	addons.manager	DEBUG	Starting provider: PreviousExperimentProvider
1499077957204	addons.manager	DEBUG	Registering shutdown blocker for PreviousExperimentProvider
1499077957205	addons.manager	DEBUG	Provider finished startup: PreviousExperimentProvider
1499077957207	DeferredSave.extensions.json	DEBUG	Write succeeded
1499077957207	addons.xpi-utils	DEBUG	XPI Database saved, setting schema version preference to 17
1499077957227	DeferredSave.addons.json	DEBUG	Starting write
1499077957237	DeferredSave.addons.json	DEBUG	Write succeeded

Build info: version: '2.53.0', revision: '35ae25b1534ae328c771e0856c93e187490ca824', time: '2016-03-15 10:43:46'
System info: host: 'CCPT-DESKTOP13', ip: '192.168.50.166', os.name: 'Windows 10', os.arch: 'amd64', os.version: '10.0', java.version: '1.8.0_131'
Driver info: driver.version: FirefoxDriver
	at org.openqa.selenium.firefox.internal.NewProfileExtensionConnection.start(NewProfileExtensionConnection.java:125)
	at org.openqa.selenium.firefox.FirefoxDriver.startClient(FirefoxDriver.java:271)
	at org.openqa.selenium.remote.RemoteWebDriver.<init>(RemoteWebDriver.java:119)
	at org.openqa.selenium.firefox.FirefoxDriver.<init>(FirefoxDriver.java:216)
	at org.openqa.selenium.firefox.FirefoxDriver.<init>(FirefoxDriver.java:211)
	at org.openqa.selenium.firefox.FirefoxDriver.<init>(FirefoxDriver.java:207)
	at org.openqa.selenium.firefox.FirefoxDriver.<init>(FirefoxDriver.java:120)
	at com.org.commonClasses.browserUtility.launchBrowser(browserUtility.java:13)
	at com.org.Functional.Tests.GlobalConfig.runApplication(GlobalConfig.java:16)
	at sun.reflect.NativeMethodAccessorImpl.invoke0(Native Method)
	at sun.reflect.NativeMethodAccessorImpl.invoke(Unknown Source)
	at sun.reflect.DelegatingMethodAccessorImpl.invoke(Unknown Source)
	at java.lang.reflect.Method.invoke(Unknown Source)
	at org.testng.internal.MethodInvocationHelper.invokeMethod(MethodInvocationHelper.java:108)
	at org.testng.internal.Invoker.invokeConfigurationMethod(Invoker.java:523)
	at org.testng.internal.Invoker.invokeConfigurations(Invoker.java:224)
	at org.testng.internal.Invoker.invokeConfigurations(Invoker.java:146)
	at org.testng.SuiteRunner.privateRun(SuiteRunner.java:326)
	at org.testng.SuiteRunner.run(SuiteRunner.java:289)
	at org.testng.SuiteRunnerWorker.runSuite(SuiteRunnerWorker.java:52)
	at org.testng.SuiteRunnerWorker.run(SuiteRunnerWorker.java:86)
	at org.testng.TestNG.runSuitesSequentially(TestNG.java:1301)
	at org.testng.TestNG.runSuitesLocally(TestNG.java:1226)
	at org.testng.TestNG.runSuites(TestNG.java:1144)
	at org.testng.TestNG.run(TestNG.java:1115)
	at org.testng.remote.AbstractRemoteTestNG.run(AbstractRemoteTestNG.java:132)
	at org.testng.remote.RemoteTestNG.initAndRun(RemoteTestNG.java:230)
	at org.testng.remote.RemoteTestNG.main(RemoteTestNG.java:76)
Caused by: org.openqa.selenium.firefox.NotConnectedException: Unable to connect to host 127.0.0.1 on port 7055 after 45000 ms. Firefox console output:
","creator":"Mozilla","homepageURL":null,"contributors":["Mozilla Contributors"]},"visible":true,"active":true,"userDisabled":false,"appDisabled":false,"descriptor":"C:\\Program Files (x86)\\Mozilla Firefox\\browser\\extensions\\{972ce4c6-7e08-4474-a285-3208198ce6fd}.xpi","installDate":1492074014589,"updateDate":1492074014589,"applyBackgroundUpdates":1,"skinnable":true,"size":22012,"sourceURI":null,"releaseNotesURI":null,"softDisabled":false,"foreignInstall":false,"hasBinaryComponents":false,"strictCompatibility":true,"locales":[],"targetApplications":[{"id":"{ec8030f7-c20a-464f-9b0e-13a3a9e97384}","minVersion":"47.0.2","maxVersion":"47.0.2"}],"targetPlatforms":[],"seen":true}
1499077956631	addons.xpi	DEBUG	getModTime: Recursive scan of {972ce4c6-7e08-4474-a285-3208198ce6fd}
1499077956632	DeferredSave.extensions.json	DEBUG	Save changes
1499077956632	addons.xpi	DEBUG	Updating database with changes to installed add-ons
1499077956632	addons.xpi-utils	DEBUG	Updating add-on states
1499077956633	addons.xpi-utils	DEBUG	Writing add-ons list
1499077956636	addons.xpi	DEBUG	Registering manifest for C:\Program Files (x86)\Mozilla Firefox\browser\features\e10srollout@mozilla.org.xpi
1499077956636	addons.xpi	DEBUG	Calling bootstrap method startup on e10srollout@mozilla.org version 1.0
1499077956636	addons.xpi	DEBUG	Registering manifest for C:\Program Files (x86)\Mozilla Firefox\browser\features\firefox@getpocket.com.xpi
1499077956637	addons.xpi	DEBUG	Calling bootstrap method startup on firefox@getpocket.com version 1.0.2
1499077956637	addons.xpi	DEBUG	Registering manifest for C:\Program Files (x86)\Mozilla Firefox\browser\features\loop@mozilla.org.xpi
1499077956638	addons.xpi	DEBUG	Calling bootstrap method startup on loop@mozilla.org version 1.3.2
1499077956650	addons.xpi	DEBUG	Registering manifest for C:\Program Files (x86)\Mozilla Firefox\browser\features\websensehelper@mozilla.org.xpi
1499077956651	addons.xpi	DEBUG	Calling bootstrap method startup on websensehelper@mozilla.org version 1.0
1499077956653	addons.manager	DEBUG	Registering shutdown blocker for XPIProvider
1499077956653	addons.manager	DEBUG	Provider finished startup: XPIProvider
1499077956653	addons.manager	DEBUG	Starting provider: LightweightThemeManager
1499077956653	addons.manager	DEBUG	Registering shutdown blocker for LightweightThemeManager
1499077956653	addons.manager	DEBUG	Provider finished startup: LightweightThemeManager
1499077956654	addons.manager	DEBUG	Starting provider: GMPProvider
1499077956658	addons.manager	DEBUG	Registering shutdown blocker for GMPProvider
1499077956658	addons.manager	DEBUG	Provider finished startup: GMPProvider
1499077956658	addons.manager	DEBUG	Starting provider: PluginProvider
1499077956658	addons.manager	DEBUG	Registering shutdown blocker for PluginProvider
1499077956658	addons.manager	DEBUG	Provider finished startup: PluginProvider
1499077956658	addons.manager	DEBUG	Completed startup sequence
[GFX1]: Potential driver version mismatch ignored due to missing DLLs 0.0.0.0 and 0.0.0.0
1499077956985	addons.manager	DEBUG	Starting provider: <unnamed-provider>
1499077956985	addons.manager	DEBUG	Registering shutdown blocker for <unnamed-provider>
1499077956985	addons.manager	DEBUG	Provider finished startup: <unnamed-provider>
1499077956986	DeferredSave.extensions.json	DEBUG	Starting write
1499077957173	addons.repository	DEBUG	No addons.json found.
1499077957174	DeferredSave.addons.json	DEBUG	Save changes
1499077957176	DeferredSave.addons.json	DEBUG	Starting timer
1499077957204	addons.manager	DEBUG	Starting provider: PreviousExperimentProvider
1499077957204	addons.manager	DEBUG	Registering shutdown blocker for PreviousExperimentProvider
1499077957205	addons.manager	DEBUG	Provider finished startup: PreviousExperimentProvider
1499077957207	DeferredSave.extensions.json	DEBUG	Write succeeded
1499077957207	addons.xpi-utils	DEBUG	XPI Database saved, setting schema version preference to 17
1499077957227	DeferredSave.addons.json	DEBUG	Starting write
1499077957237	DeferredSave.addons.json	DEBUG	Write succeeded

	at org.openqa.selenium.firefox.internal.NewProfileExtensionConnection.start(NewProfileExtensionConnection.java:113)
	... 27 more
]]>
    </error>
  </testcase> <!-- runApplication -->
</testsuite> <!-- com.org.Functional.Tests.GlobalConfig -->
