<?xml version="1.0" encoding="UTF-8"?>
<!-- Generated by org.testng.reporters.JUnitReportReporter -->
<testsuite skipped="0" hostname="CCPT-DESKTOP13" name="com.org.Functional.Tests.Login" tests="1" failures="0" timestamp="04 Jul 2017 15:05:52 GMT" time="0.014" errors="0">
  <testcase name="LoginToApplication" time="0.014" classname="com.org.Functional.Tests.Login"/>
</testsuite> <!-- com.org.Functional.Tests.Login -->
