<?xml version="1.0" encoding="UTF-8"?>
<!-- Generated by org.testng.reporters.JUnitReportReporter -->
<testsuite skipped="0" hostname="CCPT-DESKTOP13" name="com.org.Functional.Tests.Login" tests="2" failures="0" timestamp="07 Jul 2017 13:42:55 GMT" time="42.886" errors="0">
  <testcase name="CheckSuccessfulLogin" time="28.841" classname="com.org.Functional.Tests.Login"/>
  <testcase name="CheckAppLandingPage" time="14.045" classname="com.org.Functional.Tests.Login"/>
</testsuite> <!-- com.org.Functional.Tests.Login -->
